1570018531.55	


2019-10-02 14:15:31.547000
1570018585.06	


2019-10-02 14:16:25.056000
1570018606.14	part 0 zero=[-0.004, 0.007, 0.01, 1.0]
1570018617.51	part 0 mass=[4.219, 4.23, 0.009, 1.0]
1570018637.45	part 1 zero=[-0.009, 0.002, 0.009, 1.0]
1570018649.15	part 1 mass=[2.184, 2.194, 0.01, 1.0]
1570018668.5	part 2 zero=[-0.03, -0.006, 0.01, 1.0]
1570018676.92	part 2 mass=[2.231, 2.224, 0.005, 1.0]
1570018694.88	part 3 zero=[-0.022, -0.004, 0.012, 1.0]
1570018707.34	part 3 mass=[0.551, 0.536, 0.008, 1.0]
1570018743.13	part 4 zero=[-0.005, -0.004, 0.009, 1.0]
1570018755.32	part 4 mass=[3.952, 3.952, 0.013, 1.0]
1570018808.63	part 5 zero=[-0.018, 5.738, 12.657, 1.0]
1570018833.06	part 5 mass=[-0.004, -0.006, 0.005, 1.0]
1570018841.35	part 6 zero=[0.003, 0.003, 0.012, 1.0]
1570018852.97	part 6 mass=[3.706, 3.708, 0.009, 1.0]
1570018895.41	part 7 zero=[-0.015, 0.002, 0.011, 1.0]
1570018924.33	part 7 mass=[2.252, 2.257, 0.007, 1.0]
1570018938.89	part 8 zero=[-0.002, -0.005, 0.014, 1.0]
1570018950.45	part 8 mass=[0.567, 0.563, 0.009, 1.0]
1570018969.27	part 9 zero=[0.015, 0.002, 0.011, 1.0]
1570018978.22	part 9 mass=[2.262, 2.259, 0.011, 1.0]
1570019124.74	


2019-10-02 14:25:24.744000
1570019565.86	


2019-10-02 14:32:45.861000
1570019690.32	pressure/flow:
6184.282, 5.625
1570019690.32	speed: 1667.611 mm/s, pressure: 6184.282 mbar, flow: 5.625
1570019690.32	draw line 0 at 2019-10-02 14:34:50.315000, x=100, y=95, l=84
1570019743.9	draw line 1 at 2019-10-02 14:35:43.899000, x=110, y=95, l=10
1570019780.43	draw line 2 at 2019-10-02 14:36:20.426000, x=120, y=95, l=84
1570019828.74	draw line 3 at 2019-10-02 14:37:08.738000, x=140, y=95, l=84
1570019889.82	


2019-10-02 14:38:09.821000
1570020027.87	


2019-10-02 14:40:27.871000
1570020224.36	


2019-10-02 14:43:44.360000
1570020432.42	


2019-10-02 14:47:12.419000
1570020557.59	


2019-10-02 14:49:17.594000
1570020689.21	


2019-10-02 14:51:29.213000
1570020792.75	


2019-10-02 14:53:12.750000
1570020950.86	


2019-10-02 14:55:50.859000
1570021017.25	


2019-10-02 14:56:57.247000
1570021116.48	


2019-10-02 14:58:36.485000
1570021268.31	


2019-10-02 15:01:08.313000
1570021381.76	


2019-10-02 15:03:01.760000
1570021503.49	


2019-10-02 15:05:03.493000
1570021611.13	


2019-10-02 15:06:51.132000
1570021822.14	


2019-10-02 15:10:22.136000
1570022003.44	


2019-10-02 15:13:23.440000
1570022168.39	


2019-10-02 15:16:08.395000
1570022367.91	


2019-10-02 15:19:27.909000
1570022443.45	


2019-10-02 15:20:43.446000
1570022694.59	


2019-10-02 15:24:54.593000
1570022844.63	


2019-10-02 15:27:24.634000
1570022936.71	pressure/flow:
70.000, 4.152
1570022936.71	speed: 1230.996 mm/s, pressure: 70.000 mbar, flow: 4.152
1570022936.71	draw line 0 at 2019-10-02 15:28:56.708000, x=100, y=95, l=84
1570023048.72	


2019-10-02 15:30:48.716000
1570023141.95	pressure/flow:
70.000, 5.399
1570023141.95	speed: 1600.770 mm/s, pressure: 70.000 mbar, flow: 5.399
1570023141.95	draw line 0 at 2019-10-02 15:32:21.950000, x=100, y=95, l=84
1570023200.67	draw line 1 at 2019-10-02 15:33:20.667000, x=110, y=95, l=10
1570023242.5	draw line 2 at 2019-10-02 15:34:02.496000, x=120, y=95, l=84
1570023296.54	draw line 3 at 2019-10-02 15:34:56.538000, x=140, y=95, l=84
1570023350.99	draw line 4 at 2019-10-02 15:35:50.994000, x=150, y=95, l=10
1570023393.15	draw line 5 at 2019-10-02 15:36:33.154000, x=160, y=95, l=84
1570024001.08	


2019-10-02 15:46:41.084000
1570024098.82	pressure/flow:
70.000, 18.863
1570024098.82	speed: 5592.327 mm/s, pressure: 70.000 mbar, flow: 18.863
1570024098.82	draw line 0 at 2019-10-02 15:48:18.820000, x=100, y=95, l=84
1570024151.7	draw line 1 at 2019-10-02 15:49:11.701000, x=110, y=95, l=10
1570024193.98	draw line 2 at 2019-10-02 15:49:53.981000, x=120, y=95, l=84
1570024242.15	draw line 3 at 2019-10-02 15:50:42.149000, x=140, y=95, l=84
1570024289.83	draw line 4 at 2019-10-02 15:51:29.831000, x=150, y=95, l=10
1570024331.51	draw line 5 at 2019-10-02 15:52:11.513000, x=160, y=95, l=84
1570024935.13	


2019-10-02 16:02:15.131000
1570025030.72	pressure/flow:
70.000, 15.124
1570025030.72	speed: 4483.719 mm/s, pressure: 70.000 mbar, flow: 15.124
1570025030.72	draw line 0 at 2019-10-02 16:03:50.716000, x=100, y=95, l=84
1570025118.28	draw line 1 at 2019-10-02 16:05:18.282000, x=110, y=95, l=10
1570025188.76	draw line 2 at 2019-10-02 16:06:28.758000, x=120, y=95, l=84
1570025269.42	draw line 3 at 2019-10-02 16:07:49.420000, x=140, y=95, l=84
1570025350.4	draw line 4 at 2019-10-02 16:09:10.403000, x=150, y=95, l=10
1570025419.28	draw line 5 at 2019-10-02 16:10:19.283000, x=160, y=95, l=84
1570025624.6	


2019-10-02 16:13:44.603000
1570025702.35	pressure/flow:
70.000, 4.368
1570025702.35	speed: 1294.901 mm/s, pressure: 70.000 mbar, flow: 4.368
1570025702.35	draw line 0 at 2019-10-02 16:15:02.348000, x=100, y=95, l=84
1570025793.78	draw line 1 at 2019-10-02 16:16:33.781000, x=110, y=95, l=10
1570025865.84	draw line 2 at 2019-10-02 16:17:45.840000, x=120, y=95, l=84
1570025951.96	draw line 3 at 2019-10-02 16:19:11.964000, x=140, y=95, l=84
1570026038.84	draw line 4 at 2019-10-02 16:20:38.843000, x=150, y=95, l=10
1570026111.04	draw line 5 at 2019-10-02 16:21:51.039000, x=160, y=95, l=84
1570026263.93	


2019-10-02 16:24:23.935000
1570026339.52	pressure/flow:
70.000, 7.063
1570026339.52	speed: 2094.008 mm/s, pressure: 70.000 mbar, flow: 7.063
1570026339.52	draw line 0 at 2019-10-02 16:25:39.520000, x=100, y=95, l=84
1570026440.79	


2019-10-02 16:27:20.789000
1570026618.16	


2019-10-02 16:30:18.160000
1570026695.92	pressure/flow:
70.000, 4.751
1570026695.92	speed: 1408.546 mm/s, pressure: 70.000 mbar, flow: 4.751
1570026695.92	draw line 0 at 2019-10-02 16:31:35.919000, x=100, y=98, l=84
1570026790.39	draw line 1 at 2019-10-02 16:33:10.395000, x=110, y=98, l=10
1570026866.76	draw line 2 at 2019-10-02 16:34:26.758000, x=120, y=98, l=84
1570026956.27	draw line 3 at 2019-10-02 16:35:56.265000, x=140, y=98, l=84
1570027049.05	draw line 4 at 2019-10-02 16:37:29.054000, x=150, y=98, l=10
1570027126.06	draw line 5 at 2019-10-02 16:38:46.064000, x=160, y=98, l=84
1570027334.54	


2019-10-02 16:42:14.542000
1570027373.42	part 0 zero=[-0.013, -0.001, 0.01, 0.0]
1570027387.39	part 0 mass=[3.79, 3.792, 0.009, 1.0]
1570027418.28	part 1 zero=[0.011, 0.001, 0.011, 1.0]
1570027427.94	part 1 mass=[3.994, 3.992, 0.01, 0.0]
1570027518.68	


2019-10-02 16:45:18.679000
1570027591.17	pressure/flow:
70.000, 1.588
1570027591.17	speed: 470.722 mm/s, pressure: 70.000 mbar, flow: 1.588
1570027591.17	draw line 0 at 2019-10-02 16:46:31.175000, x=100, y=98, l=84
1570027711.11	draw line 1 at 2019-10-02 16:48:31.108000, x=110, y=98, l=10
1570027811.53	


2019-10-02 16:50:11.532000
1570027942.09	


2019-10-02 16:52:22.091000
1570028015.73	pressure/flow:
70.000, 3.979
1570028015.73	speed: 1179.575 mm/s, pressure: 70.000 mbar, flow: 3.979
1570028015.73	draw line 0 at 2019-10-02 16:53:35.729000, x=100, y=98, l=84
1570028104.74	draw line 1 at 2019-10-02 16:55:04.740000, x=110, y=98, l=10
1570028172.79	draw line 2 at 2019-10-02 16:56:12.785000, x=120, y=98, l=84
1570028258.58	draw line 3 at 2019-10-02 16:57:38.583000, x=140, y=98, l=84
1570028345.47	draw line 4 at 2019-10-02 16:59:05.473000, x=150, y=98, l=10
1570028459.69	


2019-10-02 17:00:59.687000
1570028534.39	pressure/flow:
70.000, 2.825
1570028534.39	speed: 837.544 mm/s, pressure: 70.000 mbar, flow: 2.825
1570028534.39	draw line 0 at 2019-10-02 17:02:14.392000, x=100, y=98, l=84
1570028686.81	


2019-10-02 17:04:46.811000
1570028726.34	part 0 zero=[-0.006, -0.001, 0.008, 0.0]
1570028746.12	part 0 mass=[3.7, 3.708, 0.009, 0.0]
1570028779.26	part 1 zero=[-0.007, -0.001, 0.01, 1.0]
1570028796.64	part 1 mass=[3.908, 3.898, 0.01, 1.0]
1570028899.85	


2019-10-02 17:08:19.845000
1570028978.24	pressure/flow:
70.000, 4.443
1570028978.24	speed: 1317.319 mm/s, pressure: 70.000 mbar, flow: 4.443
1570028978.24	draw line 0 at 2019-10-02 17:09:38.244000, x=100, y=98, l=84
1570029067.34	draw line 1 at 2019-10-02 17:11:07.343000, x=110, y=98, l=10
1570029136.17	draw line 2 at 2019-10-02 17:12:16.174000, x=120, y=98, l=84
1570029210.88	


2019-10-02 17:13:30.878000
1570029299.98	


2019-10-02 17:14:59.981000
1570029338.47	part 0 zero=[-0.019, -0.001, 0.011, 1.0]
1570029357.24	part 0 mass=[3.895, 3.902, 0.011, 1.0]
1570029387.49	part 1 zero=[-0.018, 0.001, 0.009, 1.0]
1570029405.5	part 1 mass=[4.237, 4.259, 0.009, 1.0]
1570029501.13	


2019-10-02 17:18:21.129000
1570029575.71	pressure/flow:
70.000, -5.754
1570029575.71	speed: -1705.965 mm/s, pressure: 70.000 mbar, flow: -5.754
1570029575.73	draw line 0 at 2019-10-02 17:19:35.727000, x=100, y=98, l=84
1570029679.32	


2019-10-02 17:21:19.324000
1570029757.98	pressure/flow:
70.000, 2.333
1570029757.98	speed: 691.606 mm/s, pressure: 70.000 mbar, flow: 2.333
1570029757.98	draw line 0 at 2019-10-02 17:22:37.982000, x=100, y=98, l=84
1570029864.23	draw line 1 at 2019-10-02 17:24:24.232000, x=110, y=98, l=10
1570029933.6	draw line 2 at 2019-10-02 17:25:33.604000, x=120, y=98, l=84
1570030034.53	draw line 3 at 2019-10-02 17:27:14.526000, x=140, y=98, l=84
1570030115.51	draw line 4 at 2019-10-02 17:28:35.507000, x=150, y=98, l=10
1570030182.67	draw line 5 at 2019-10-02 17:29:42.666000, x=160, y=98, l=84
1570030316.17	part 0 zero=[-0.007, 1.854, 8.124, 1.0]
1570030329.85	part 0 mass=[0.008, -0.002, 0.01, 1.0]
1570030350.62	part 1 zero=[-0.007, 0.001, 0.012, 1.0]
1570030369.44	part 1 mass=[3.929, 3.913, 0.009, 1.0]
1570030404.2	part 2 zero=[0.011, -0.001, 0.01, 0.0]
1570030415.36	part 2 mass=[4.166, 4.149, 0.01, 1.0]
1570030569.26	


2019-10-02 17:36:09.259000
1570030612.69	part 0 zero=[-0.002, 0.002, 0.01, 1.0]
1570030629.86	part 0 mass=[3.97, 3.964, 0.01, 1.0]
1570030667.56	part 1 zero=[0.011, 0.001, 0.01, 1.0]
1570030678.3	part 1 mass=[3.877, 3.868, 0.01, 1.0]
1570030768.65	


2019-10-02 17:39:28.647000
1570030849.81	


2019-10-02 17:40:49.807000
1570030884.29	


2019-10-02 17:41:24.288000
1570030968.5	


2019-10-02 17:42:48.499000
1570031044.2	pressure/flow:
70.000, 37.343
1570031044.2	speed: 11071.007 mm/s, pressure: 70.000 mbar, flow: 37.343
1570031044.2	draw line 0 at 2019-10-02 17:44:04.204000, x=100, y=98, l=84
1570031125.1	


2019-10-02 17:45:25.101000
1570031200.79	pressure/flow:
70.000, -2.121
1570031200.79	speed: -628.710 mm/s, pressure: 70.000 mbar, flow: -2.121
1570031200.79	draw line 0 at 2019-10-02 17:46:40.791000, x=100, y=98, l=84
1570031286.1	


2019-10-02 17:48:06.104000
1570031396.63	


2019-10-02 17:49:56.633000
1570031460.98	


2019-10-02 17:51:00.985000
1570031529.28	


2019-10-02 17:52:09.283000
1570031561.2	


2019-10-02 17:52:41.202000
1570031599.2	


2019-10-02 17:53:19.199000
1570031676.68	


2019-10-02 17:54:36.679000
1570031771.62	


2019-10-02 17:56:11.625000
1570031843.48	


2019-10-02 17:57:23.479000
1570031986.45	


2019-10-02 17:59:46.447000
1570032093.63	


2019-10-02 18:01:33.630000
1570032188.62	pressure/flow:
100.000, 4.543
1570032188.62	speed: 1346.890 mm/s, pressure: 100.000 mbar, flow: 4.543
1570032188.62	draw line 0 at 2019-10-02 18:03:08.618000, x=100, y=98, l=84
1570032277.72	draw line 1 at 2019-10-02 18:04:37.722000, x=110, y=98, l=10
1570032343.72	draw line 2 at 2019-10-02 18:05:43.725000, x=120, y=98, l=84
1570032428.22	draw line 3 at 2019-10-02 18:07:08.218000, x=140, y=98, l=84
1570032499.4	draw line 4 at 2019-10-02 18:08:19.399000, x=150, y=98, l=10
1570032565.97	draw line 5 at 2019-10-02 18:09:25.970000, x=160, y=98, l=84
1570032679.93	part 0 zero=[0.009, 0.0, 0.009, 1.0]
1570032696.98	part 0 mass=[3.966, 3.96, 0.01, 1.0]
1570032727.01	part 1 zero=[0.004, -0.001, 0.011, 1.0]
1570032737.28	part 1 mass=[3.844, 3.87, 0.012, 1.0]
1571414721.28	


2019-10-18 18:05:21.284000
1571414840.1	


2019-10-18 18:07:20.098000
1571414875.06	


2019-10-18 18:07:55.060000
1571415034.27	


2019-10-18 18:10:34.265000
1571415148.92	


2019-10-18 18:12:28.917000
1571415234.9	pressure/flow:
4000.000, 3.466
1571415234.9	speed: 1027.488 mm/s, pressure: 4000.000 mbar, flow: 3.466
1571415234.9	draw line 0 at 2019-10-18 18:13:54.901000, x=100, y=98, l=84
1571415484.68	


2019-10-18 18:18:04.676000
1571415515.69	


2019-10-18 18:18:35.692000
1571415527.93	pressure/flow:
0.000, 3.466
1571415527.93	speed: 1027.488 mm/s, pressure: 0.000 mbar, flow: 3.466
1571415527.93	draw line 0 at 2019-10-18 18:18:47.928000, x=100, y=98, l=84
1571415600.77	draw line 1 at 2019-10-18 18:20:00.772000, x=110, y=98, l=10
1571415649.04	draw line 2 at 2019-10-18 18:20:49.038000, x=120, y=98, l=84
1571415718.72	draw line 3 at 2019-10-18 18:21:58.725000, x=140, y=98, l=84
1571415835.18	


2019-10-18 18:23:55.177000
1571415847.42	pressure/flow:
4000.000, 3.466
1571415847.42	speed: 1027.488 mm/s, pressure: 4000.000 mbar, flow: 3.466
1571415847.44	draw line 0 at 2019-10-18 18:24:07.440000, x=100, y=98, l=84
1571416004.02	


2019-10-18 18:26:44.015000
1571416016.33	pressure/flow:
4000.000, 3.466
1571416016.33	speed: 1027.488 mm/s, pressure: 4000.000 mbar, flow: 3.466
1571416016.33	draw line 0 at 2019-10-18 18:26:56.332000, x=100, y=98, l=84
1571416134.97	


2019-10-18 18:28:54.974000
1571416147.24	pressure/flow:
4000.000, 3.466
1571416147.24	speed: 1027.488 mm/s, pressure: 4000.000 mbar, flow: 3.466
1571416147.24	draw line 0 at 2019-10-18 18:29:07.244000, x=100, y=98, l=84
1571416220.57	draw line 1 at 2019-10-18 18:30:20.568000, x=110, y=98, l=10
1571416269.52	draw line 2 at 2019-10-18 18:31:09.515000, x=120, y=98, l=84
1571416339.28	draw line 3 at 2019-10-18 18:32:19.278000, x=140, y=98, l=84
1571416396.11	draw line 4 at 2019-10-18 18:33:16.108000, x=150, y=98, l=10
1571416411.02	


2019-10-18 18:33:31.017000
1571416423.26	pressure/flow:
4000.000, 3.466
1571416423.26	speed: 1027.488 mm/s, pressure: 4000.000 mbar, flow: 3.466
1571416423.26	draw line 0 at 2019-10-18 18:33:43.264000, x=100, y=98, l=84
1571416468.4	draw line 1 at 2019-10-18 18:34:28.397000, x=110, y=98, l=10
1571416507.69	draw line 2 at 2019-10-18 18:35:07.689000, x=120, y=98, l=84
1571416554.05	draw line 3 at 2019-10-18 18:35:54.052000, x=140, y=98, l=84
1571416595.48	draw line 4 at 2019-10-18 18:36:35.478000, x=150, y=98, l=10
1571416635.32	draw line 5 at 2019-10-18 18:37:15.323000, x=160, y=98, l=84
1571416712.48	


2019-10-18 18:38:32.477000
1571416724.72	pressure/flow:
4000.000, 3.466
1571416724.73	speed: 1027.488 mm/s, pressure: 4000.000 mbar, flow: 3.466
1571416724.73	draw line 0 at 2019-10-18 18:38:44.732000, x=140, y=98, l=84
1571416765.92	draw line 1 at 2019-10-18 18:39:25.924000, x=150, y=98, l=10
1571416804.27	draw line 2 at 2019-10-18 18:40:04.266000, x=160, y=98, l=84
1571417204.38	


2019-10-18 18:46:44.381000
1571417216.65	pressure/flow:
4000.000, 3.466
1571417216.65	speed: 1027.488 mm/s, pressure: 4000.000 mbar, flow: 3.466
1571417296.39	


2019-10-18 18:48:16.392000
1571417308.63	pressure/flow:
4000.000, 3.466
1571417308.63	speed: 1027.488 mm/s, pressure: 4000.000 mbar, flow: 3.466
1571417655.51	


2019-10-18 18:54:15.512000
1571417667.74	pressure/flow:
4000.000, 3.466
1571417667.75	speed: 1027.488 mm/s, pressure: 4000.000 mbar, flow: 3.466
1571417694.25	draw line 0 at 2019-10-18 18:54:54.246000, x=85, y=130, l=84
1571417748.67	


2019-10-18 18:55:48.675000
1571417760.86	pressure/flow:
4000.000, 3.466
1571417760.86	speed: 1027.488 mm/s, pressure: 4000.000 mbar, flow: 3.466
1571417836.6	


2019-10-18 18:57:16.596000
1571417848.88	pressure/flow:
4000.000, 3.466
1571417848.88	speed: 1027.488 mm/s, pressure: 4000.000 mbar, flow: 3.466
1571417873.76	draw line 0 at 2019-10-18 18:57:53.761000, x=85, y=130, l=84
1571418002.27	


2019-10-18 19:00:02.269000
1571418014.54	pressure/flow:
4000.000, 3.466
1571418014.54	speed: 1027.488 mm/s, pressure: 4000.000 mbar, flow: 3.466
1571418038.38	draw line 0 at 2019-10-18 19:00:38.380000, x=85, y=130, l=84
1571418208.3	


2019-10-18 19:03:28.304000
1571418220.66	pressure/flow:
4000.000, 3.466
1571418220.67	speed: 1027.488 mm/s, pressure: 4000.000 mbar, flow: 3.466
1571418245.13	draw line 0 at 2019-10-18 19:04:05.131000, x=85, y=130, l=84
1571418316.44	draw line 1 at 2019-10-18 19:05:16.442000, x=128, y=130, l=10
1571418430.03	


2019-10-18 19:07:10.028000
1571418442.32	pressure/flow:
4000.000, 3.466
1571418442.32	speed: 1027.488 mm/s, pressure: 4000.000 mbar, flow: 3.466
1571418465.03	draw line 0 at 2019-10-18 19:07:45.026000, x=85, y=130, l=84
1571418537.58	draw line 1 at 2019-10-18 19:08:57.581000, x=128, y=130, l=10
1571418604.99	draw line 2 at 2019-10-18 19:10:04.990000, x=171, y=130, l=84
1571418858.28	


2019-10-18 19:14:18.275000
1571418870.51	pressure/flow:
4000.000, 3.466
1571418870.51	speed: 1027.488 mm/s, pressure: 4000.000 mbar, flow: 3.466
1571418890.24	draw line 0 at 2019-10-18 19:14:50.240000, x=85, y=125, l=84
1571418967.49	draw line 1 at 2019-10-18 19:16:07.488000, x=128, y=125, l=10
1571419264.69	


2019-10-18 19:21:04.691000
1571419276.99	pressure/flow:
4000.000, 3.466
1571419276.99	speed: 1027.488 mm/s, pressure: 4000.000 mbar, flow: 3.466
1571419300.4	draw line 0 at 2019-10-18 19:21:40.397000, x=85, y=125, l=84
1571419377.73	draw line 1 at 2019-10-18 19:22:57.726000, x=128, y=125, l=10
1571419429.22	draw line 2 at 2019-10-18 19:23:49.223000, x=171, y=125, l=84
1571419600.63	


2019-10-18 19:26:40.628000
1571419612.91	pressure/flow:
4000.000, 3.466
1571419612.91	speed: 1027.488 mm/s, pressure: 4000.000 mbar, flow: 3.466
1571419633.04	draw line 0 at 2019-10-18 19:27:13.042000, x=85, y=125, l=84
1571419689.38	draw line 1 at 2019-10-18 19:28:09.379000, x=128, y=125, l=10
1571419723.49	draw line 2 at 2019-10-18 19:28:43.486000, x=171, y=125, l=84
1571420302.41	


2019-10-18 19:38:22.413000
1571420314.71	pressure/flow:
4000.000, 3.466
1571420314.71	speed: 1027.488 mm/s, pressure: 4000.000 mbar, flow: 3.466
1571420314.71	draw line 0 at 2019-10-18 19:38:34.710000, x=85, y=125, l=84
1571420361.54	draw line 1 at 2019-10-18 19:39:21.535000, x=128, y=125, l=10
1571420540.34	


2019-10-18 19:42:20.336000
1571420552.56	pressure/flow:
4000.000, 3.466
1571420552.56	speed: 1027.488 mm/s, pressure: 4000.000 mbar, flow: 3.466
1571420552.56	draw line 0 at 2019-10-18 19:42:32.561000, x=45, y=125, l=84
1571420604.92	draw line 1 at 2019-10-18 19:43:24.922000, x=88, y=199, l=10
1571420704.25	


2019-10-18 19:45:04.247000
1571420716.54	pressure/flow:
4000.000, 3.466
1571420716.56	speed: 1027.488 mm/s, pressure: 4000.000 mbar, flow: 3.466
1571420716.56	draw line 0 at 2019-10-18 19:45:16.559000, x=42, y=125, l=84
1571420774.3	draw line 1 at 2019-10-18 19:46:14.301000, x=85, y=199, l=10
1571420911.82	


2019-10-18 19:48:31.821000
1571420924.11	pressure/flow:
4000.000, 3.466
1571420924.11	speed: 1027.488 mm/s, pressure: 4000.000 mbar, flow: 3.466
1571420924.12	draw line 0 at 2019-10-18 19:48:44.122000, x=52, y=125, l=84
1571421053.26	


2019-10-18 19:50:53.263000
1571421065.58	pressure/flow:
4000.000, 3.466
1571421065.58	speed: 1027.488 mm/s, pressure: 4000.000 mbar, flow: 3.466
1571421065.58	draw line 0 at 2019-10-18 19:51:05.581000, x=52, y=125, l=84
1571421120.3	draw line 1 at 2019-10-18 19:52:00.295000, x=95, y=199, l=10
1571421254.88	


2019-10-18 19:54:14.881000
1571421267.13	pressure/flow:
4000.000, 3.466
1571421267.13	speed: 1027.488 mm/s, pressure: 4000.000 mbar, flow: 3.466
1571421267.13	draw line 0 at 2019-10-18 19:54:27.127000, x=52, y=125, l=84
1571421324.27	draw line 1 at 2019-10-18 19:55:24.265000, x=95, y=199, l=10
1571421357.87	draw line 2 at 2019-10-18 19:55:57.872000, x=138, y=125, l=84
1571421563.02	


2019-10-18 19:59:23.021000
1571421575.24	pressure/flow:
4000.000, 3.466
1571421575.26	speed: 1027.488 mm/s, pressure: 4000.000 mbar, flow: 3.466
1571421575.26	draw line 0 at 2019-10-18 19:59:35.261000, x=52, y=125, l=84
1571421637.75	draw line 1 at 2019-10-18 20:00:37.749000, x=95, y=194, l=10
1571421719.79	


2019-10-18 20:01:59.786000
1571421732.07	pressure/flow:
0.000, 3.466
1571421732.07	speed: 1027.488 mm/s, pressure: 0.000 mbar, flow: 3.466
1571421732.09	draw line 0 at 2019-10-18 20:02:12.071000, x=52, y=125, l=84
1571421790.84	draw line 1 at 2019-10-18 20:03:10.843000, x=95, y=194, l=10
1571421825.96	draw line 2 at 2019-10-18 20:03:45.960000, x=140, y=125, l=84
1571421906.27	


2019-10-18 20:05:06.272000
1571421918.56	pressure/flow:
4000.000, 3.466
1571421918.56	speed: 1027.488 mm/s, pressure: 4000.000 mbar, flow: 3.466
1571421918.56	draw line 0 at 2019-10-18 20:05:18.555000, x=62, y=125, l=84
1571421987.13	


2019-10-18 20:06:27.128000
1571421999.41	pressure/flow:
4000.000, 3.466
1571421999.41	speed: 1027.488 mm/s, pressure: 4000.000 mbar, flow: 3.466
1571421999.41	draw line 0 at 2019-10-18 20:06:39.414000, x=62, y=125, l=84
1571422058.71	draw line 1 at 2019-10-18 20:07:38.712000, x=105, y=194, l=10
1571422092.29	draw line 2 at 2019-10-18 20:08:12.291000, x=150, y=125, l=84
1571422196.79	


2019-10-18 20:09:56.794000
1571422209.05	pressure/flow:
4000.000, 3.466
1571422209.05	speed: 1027.488 mm/s, pressure: 4000.000 mbar, flow: 3.466
1571422209.05	draw line 0 at 2019-10-18 20:10:09.049000, x=62, y=125, l=84
1571422267.62	draw line 1 at 2019-10-18 20:11:07.619000, x=105, y=199, l=10
1571422300.73	draw line 2 at 2019-10-18 20:11:40.732000, x=150, y=125, l=84
1571422442.45	


2019-10-18 20:14:02.454000
1571422454.72	pressure/flow:
4000.000, 3.466
1571422454.72	speed: 1027.488 mm/s, pressure: 4000.000 mbar, flow: 3.466
1571422454.73	draw line 0 at 2019-10-18 20:14:14.735000, x=62, y=125, l=84
1571422511.36	draw line 1 at 2019-10-18 20:15:11.359000, x=105, y=199, l=10
1571422544.44	draw line 2 at 2019-10-18 20:15:44.442000, x=150, y=125, l=84
1571422720.96	


2019-10-18 20:18:40.965000
1571422733.14	pressure/flow:
4000.000, 3.466
1571422733.14	speed: 1027.488 mm/s, pressure: 4000.000 mbar, flow: 3.466
1571422733.14	draw line 0 at 2019-10-18 20:18:53.136000, x=62, y=125, l=84
1571422791.42	draw line 1 at 2019-10-18 20:19:51.416000, x=105, y=199, l=10
1571422824.35	draw line 2 at 2019-10-18 20:20:24.354000, x=150, y=125, l=84
1571423094.42	


2019-10-18 20:24:54.420000
1571423106.69	pressure/flow:
4000.000, 3.466
1571423106.69	speed: 1027.488 mm/s, pressure: 4000.000 mbar, flow: 3.466
1571423106.69	draw line 0 at 2019-10-18 20:25:06.693000, x=62, y=125, l=84
1571423165.36	draw line 1 at 2019-10-18 20:26:05.355000, x=105, y=199, l=10
1571423198.84	draw line 2 at 2019-10-18 20:26:38.838000, x=150, y=125, l=84
1571424130.42	


2019-10-18 20:42:10.417000
1571424142.73	pressure/flow:
4000.000, 3.466
1571424142.73	speed: 1027.488 mm/s, pressure: 4000.000 mbar, flow: 3.466
1571424370.08	


2019-10-18 20:46:10.082000
1571424382.35	pressure/flow:
4000.000, 3.466
1571424382.37	speed: 1027.488 mm/s, pressure: 4000.000 mbar, flow: 3.466
1571662727.18	


2019-10-21 14:58:47.176000
1571662739.39	pressure/flow:
4000.000, 3.466
1571662739.39	speed: 1027.488 mm/s, pressure: 4000.000 mbar, flow: 3.466
1571662739.39	draw line 0 at 2019-10-21 14:58:59.391000, x=62, y=125, l=84
1571663045.76	


2019-10-21 15:04:05.760000
1571663058.04	pressure/flow:
100.000, 3.466
1571663058.04	speed: 1027.488 mm/s, pressure: 100.000 mbar, flow: 3.466
1571663058.04	draw line 0 at 2019-10-21 15:04:18.036000, x=62, y=125, l=84
1571663178.45	draw line 1 at 2019-10-21 15:06:18.450000, x=105, y=199, l=10
1571663358.72	


2019-10-21 15:09:18.722000
1571663370.98	pressure/flow:
100.000, 3.466
1571663371.0	speed: 1027.488 mm/s, pressure: 100.000 mbar, flow: 3.466
1571663371.0	draw line 0 at 2019-10-21 15:09:30.998000, x=62, y=125, l=84
