1569434625.29	


2019-09-25 20:03:45.294000
1569434827.39	pressure/flow:
1301.170, 10.321
1569434827.39	speed: 183601.084 mm/s, pressure: 1301.170 mbar, flow: 10.321
1569434827.39	draw line 0 at 2019-09-25 20:07:07.387000, x=100, y=95, l=84
1569434942.96	


2019-09-25 20:09:02.957000
1569435091.85	pressure/flow:
955.808, 10.406
1569435091.85	speed: 185111.475 mm/s, pressure: 955.808 mbar, flow: 10.406
1569435091.85	draw line 0 at 2019-09-25 20:11:31.852000, x=100, y=95, l=84
1569435252.94	


2019-09-25 20:14:12.940000
1569435359.59	


2019-09-25 20:15:59.586000
1569435377.72	part 0 zero=[None, None, None, None]
1569435388.83	part 0 mass=[3.775, 3.769, 0.008, 1.0]
1569435407.75	part 1 zero=[None, None, None, None]
1569435417.19	part 1 mass=[3.864, 3.884, 0.014, 1.0]
1569435503.05	pressure/flow:
1124.414, 9.382
1569435503.05	speed: 166895.031 mm/s, pressure: 1124.414 mbar, flow: 9.382
1569435503.06	draw line 0 at 2019-09-25 20:18:23.048000, x=100, y=95, l=84
1569435780.37	


2019-09-25 20:23:00.371000
1569435800.82	part 0 zero=[0.006, 0.004, 0.007, 1.0]
1569435814.12	part 0 mass=[3.974, 3.965, 0.009, 1.0]
1569435833.02	part 1 zero=[-0.004, -0.003, 0.008, 1.0]
1569435842.73	part 1 mass=[3.743, 3.72, 0.013, 1.0]
1569435955.48	pressure/flow:
1386.380, 10.911
1569435955.51	speed: 194084.636 mm/s, pressure: 1386.380 mbar, flow: 10.911
1569435955.52	draw line 0 at 2019-09-25 20:25:55.516000, x=100, y=95, l=84
1569436013.93	draw line 1 at 2019-09-25 20:26:53.934000, x=110, y=95, l=10
1569436057.45	draw line 2 at 2019-09-25 20:27:37.454000, x=120, y=95, l=84
1569436151.12	


2019-09-25 20:29:11.119000
1569436168.07	part 0 zero=[-0.009, 0.002, 0.011, 1.0]
1569436178.5	part 0 mass=[3.882, 3.877, 0.007, 1.0]
1569436196.66	part 1 zero=[-0.014, -0.007, 0.01, 1.0]
1569436205.37	part 1 mass=[3.716, 3.717, 0.005, 1.0]
1569436335.4	pressure/flow:
1346.108, 10.040
1569436335.4	speed: 178589.087 mm/s, pressure: 1346.108 mbar, flow: 10.040
1569436335.4	draw line 0 at 2019-09-25 20:32:15.401000, x=100, y=95, l=84
1569436393.19	draw line 1 at 2019-09-25 20:33:13.191000, x=110, y=95, l=10
1569436436.65	draw line 2 at 2019-09-25 20:33:56.648000, x=120, y=95, l=84
1569436558.26	


2019-09-25 20:35:58.258000
1569436570.81	part 0 zero=[0.004, -0.003, 0.009, 1.0]
1569436582.11	part 0 mass=[3.72, 3.722, 0.006, 1.0]
1569436601.6	part 1 zero=[-0.001, 0.0, 0.006, 1.0]
1569436611.68	part 1 mass=[3.66, 3.663, 0.009, 1.0]
1569436723.61	pressure/flow:
1756.233, 10.741
1569436723.61	speed: 191061.504 mm/s, pressure: 1756.233 mbar, flow: 10.741
1569436723.62	draw line 0 at 2019-09-25 20:38:43.618000, x=100, y=95, l=84
1569436781.42	draw line 1 at 2019-09-25 20:39:41.421000, x=110, y=95, l=10
1569436825.83	draw line 2 at 2019-09-25 20:40:25.832000, x=120, y=95, l=84
1569436877.27	draw line 3 at 2019-09-25 20:41:17.268000, x=140, y=95, l=84
1569436929.61	draw line 4 at 2019-09-25 20:42:09.610000, x=150, y=95, l=10
1569436974.69	draw line 5 at 2019-09-25 20:42:54.688000, x=160, y=95, l=84
1569437048.85	part 0 zero=[-0.001, -0.005, 0.01, 1.0]
1569437061.98	part 0 mass=[3.716, 3.72, 0.01, 1.0]
1569437080.41	part 1 zero=[0.006, 0.0, 0.01, 1.0]
1569437092.37	part 1 mass=[3.844, 3.848, 0.008, 1.0]
1569437293.75	


2019-09-25 20:48:13.754000
1569437306.38	part 0 zero=[-0.002, -0.002, 0.008, 1.0]
1569437315.47	part 0 mass=[3.851, 3.858, 0.01, 1.0]
1569437330.82	part 1 zero=[0.009, 0.004, 0.009, 1.0]
1569437342.15	part 1 mass=[3.884, 3.875, 0.009, 1.0]
1569437450.99	pressure/flow:
151.487, 9.801
1569437450.99	speed: 2905.727 mm/s, pressure: 151.487 mbar, flow: 9.801
1569437450.99	draw line 0 at 2019-09-25 20:50:50.995000, x=100, y=95, l=84
1569437508.67	draw line 1 at 2019-09-25 20:51:48.670000, x=110, y=95, l=10
1569437551.92	draw line 2 at 2019-09-25 20:52:31.919000, x=120, y=95, l=84
1569437603.13	draw line 3 at 2019-09-25 20:53:23.130000, x=140, y=95, l=84
1569437655.64	draw line 4 at 2019-09-25 20:54:15.643000, x=150, y=95, l=10
1569437701.4	draw line 5 at 2019-09-25 20:55:01.400000, x=160, y=95, l=84
1569437766.76	part 0 zero=[0.008, 0.004, 0.008, 1.0]
1569437779.63	part 0 mass=[3.938, 3.925, 0.013, 1.0]
1569437793.16	part 1 zero=[0.016, 0.005, 0.009, 1.0]
1569437801.94	part 1 mass=[3.95, 3.947, 0.008, 1.0]
