1569431825.58	


2019-09-25 19:17:05.581000
1569432005.16	


2019-09-25 19:20:05.164000
1569432109.78	


2019-09-25 19:21:49.780000
1569432354.51	


2019-09-25 19:25:54.507000
1569432556.28	


2019-09-25 19:29:16.275000
1569432655.08	


2019-09-25 19:30:55.082000
1569432740.96	pressure/flow:
645.947, 10.143
1569432740.96	speed: 180422.927 mm/s, pressure: 645.947 mbar, flow: 10.143
1569432740.96	draw line 0 at 2019-09-25 19:32:20.958000, x=100, y=95, l=84
1569432797.56	draw line 1 at 2019-09-25 19:33:17.560000, x=110, y=95, l=10
1569432843.73	draw line 2 at 2019-09-25 19:34:03.729000, x=120, y=95, l=84
1569432896.99	draw line 3 at 2019-09-25 19:34:56.994000, x=140, y=95, l=84
1569432950.06	draw line 4 at 2019-09-25 19:35:50.056000, x=150, y=95, l=10
1569432995.12	draw line 5 at 2019-09-25 19:36:35.125000, x=160, y=95, l=84
1569433214.81	


2019-09-25 19:40:14.812000
1569433286.58	


2019-09-25 19:41:26.584000
1569433342.69	


2019-09-25 19:42:22.693000
1569433472.11	pressure/flow:
956.891, 9.482
1569433472.14	speed: 168676.606 mm/s, pressure: 956.891 mbar, flow: 9.482
1569433472.14	draw line 0 at 2019-09-25 19:44:32.143000, x=100, y=95, l=84
1569433548.42	


2019-09-25 19:45:48.422000
1569433609.6	


2019-09-25 19:46:49.597000
1569433677.55	


2019-09-25 19:47:57.550000
1569433738.23	pressure/flow:
1000.000, 10.774
1569433738.26	speed: 191657.922 mm/s, pressure: 1000.000 mbar, flow: 10.774
1569433738.26	draw line 0 at 2019-09-25 19:48:58.255000, x=100, y=95, l=84
1569433793.95	draw line 1 at 2019-09-25 19:49:53.952000, x=110, y=95, l=10
1569433909.07	


2019-09-25 19:51:49.066000
1569433985.62	pressure/flow:
1427.734, 10.192
1569433985.64	speed: 181300.710 mm/s, pressure: 1427.734 mbar, flow: 10.192
1569433985.65	draw line 0 at 2019-09-25 19:53:05.648000, x=100, y=95, l=84
1569434041.18	draw line 1 at 2019-09-25 19:54:01.179000, x=110, y=95, l=10
1569434087.08	draw line 2 at 2019-09-25 19:54:47.079000, x=120, y=95, l=84
1569434161.21	


2019-09-25 19:56:01.211000
